<?xml version="1.0" encoding="UTF-8"?>
<testsuite xmlns:xsi="http://www.w3.org/2001/XMLSchema-instance" xsi:noNamespaceSchemaLocation="https://maven.apache.org/surefire/maven-surefire-plugin/xsd/surefire-test-report.xsd" name="kr.or.dining_together.member.controller.MenuControllerTest" time="0.646" tests="4" errors="0" skipped="0" failures="0">
  <properties>
    <property name="gopherProxySet" value="false"/>
    <property name="awt.toolkit" value="sun.lwawt.macosx.LWCToolkit"/>
    <property name="java.specification.version" value="11"/>
    <property name="sun.cpu.isalist" value=""/>
    <property name="sun.jnu.encoding" value="UTF-8"/>
    <property name="java.class.path" value="/Users/jifrozen/project/Dining-together/Backend/member/target/test-classes:/Users/jifrozen/project/Dining-together/Backend/member/target/classes:/Users/jifrozen/.m2/repository/org/springframework/boot/spring-boot-starter-web/2.4.7-SNAPSHOT/spring-boot-starter-web-2.4.7-SNAPSHOT.jar:/Users/jifrozen/.m2/repository/org/springframework/boot/spring-boot-starter/2.4.7-SNAPSHOT/spring-boot-starter-2.4.7-SNAPSHOT.jar:/Users/jifrozen/.m2/repository/org/springframework/boot/spring-boot-starter-logging/2.4.7-SNAPSHOT/spring-boot-starter-logging-2.4.7-SNAPSHOT.jar:/Users/jifrozen/.m2/repository/ch/qos/logback/logback-classic/1.2.3/logback-classic-1.2.3.jar:/Users/jifrozen/.m2/repository/ch/qos/logback/logback-core/1.2.3/logback-core-1.2.3.jar:/Users/jifrozen/.m2/repository/org/apache/logging/log4j/log4j-to-slf4j/2.13.3/log4j-to-slf4j-2.13.3.jar:/Users/jifrozen/.m2/repository/org/apache/logging/log4j/log4j-api/2.13.3/log4j-api-2.13.3.jar:/Users/jifrozen/.m2/repository/org/slf4j/jul-to-slf4j/1.7.30/jul-to-slf4j-1.7.30.jar:/Users/jifrozen/.m2/repository/jakarta/annotation/jakarta.annotation-api/1.3.5/jakarta.annotation-api-1.3.5.jar:/Users/jifrozen/.m2/repository/org/yaml/snakeyaml/1.27/snakeyaml-1.27.jar:/Users/jifrozen/.m2/repository/org/springframework/boot/spring-boot-starter-json/2.4.7-SNAPSHOT/spring-boot-starter-json-2.4.7-SNAPSHOT.jar:/Users/jifrozen/.m2/repository/com/fasterxml/jackson/datatype/jackson-datatype-jdk8/2.11.4/jackson-datatype-jdk8-2.11.4.jar:/Users/jifrozen/.m2/repository/com/fasterxml/jackson/datatype/jackson-datatype-jsr310/2.11.4/jackson-datatype-jsr310-2.11.4.jar:/Users/jifrozen/.m2/repository/com/fasterxml/jackson/module/jackson-module-parameter-names/2.11.4/jackson-module-parameter-names-2.11.4.jar:/Users/jifrozen/.m2/repository/org/springframework/boot/spring-boot-starter-tomcat/2.4.7-SNAPSHOT/spring-boot-starter-tomcat-2.4.7-SNAPSHOT.jar:/Users/jifrozen/.m2/repository/org/apache/tomcat/embed/tomcat-embed-core/9.0.46/tomcat-embed-core-9.0.46.jar:/Users/jifrozen/.m2/repository/org/glassfish/jakarta.el/3.0.3/jakarta.el-3.0.3.jar:/Users/jifrozen/.m2/repository/org/apache/tomcat/embed/tomcat-embed-websocket/9.0.46/tomcat-embed-websocket-9.0.46.jar:/Users/jifrozen/.m2/repository/org/springframework/spring-web/5.3.8/spring-web-5.3.8.jar:/Users/jifrozen/.m2/repository/org/springframework/spring-beans/5.3.8/spring-beans-5.3.8.jar:/Users/jifrozen/.m2/repository/org/springframework/spring-webmvc/5.3.8/spring-webmvc-5.3.8.jar:/Users/jifrozen/.m2/repository/org/springframework/spring-context/5.3.8/spring-context-5.3.8.jar:/Users/jifrozen/.m2/repository/org/springframework/spring-expression/5.3.8/spring-expression-5.3.8.jar:/Users/jifrozen/.m2/repository/org/springframework/cloud/spring-cloud-starter-netflix-eureka-client/3.0.2/spring-cloud-starter-netflix-eureka-client-3.0.2.jar:/Users/jifrozen/.m2/repository/org/springframework/cloud/spring-cloud-starter/3.0.2/spring-cloud-starter-3.0.2.jar:/Users/jifrozen/.m2/repository/org/springframework/cloud/spring-cloud-context/3.0.2/spring-cloud-context-3.0.2.jar:/Users/jifrozen/.m2/repository/org/springframework/security/spring-security-rsa/1.0.9.RELEASE/spring-security-rsa-1.0.9.RELEASE.jar:/Users/jifrozen/.m2/repository/org/bouncycastle/bcpkix-jdk15on/1.64/bcpkix-jdk15on-1.64.jar:/Users/jifrozen/.m2/repository/org/bouncycastle/bcprov-jdk15on/1.64/bcprov-jdk15on-1.64.jar:/Users/jifrozen/.m2/repository/org/springframework/cloud/spring-cloud-netflix-eureka-client/3.0.2/spring-cloud-netflix-eureka-client-3.0.2.jar:/Users/jifrozen/.m2/repository/com/netflix/eureka/eureka-client/1.10.11/eureka-client-1.10.11.jar:/Users/jifrozen/.m2/repository/com/netflix/netflix-commons/netflix-eventbus/0.3.0/netflix-eventbus-0.3.0.jar:/Users/jifrozen/.m2/repository/com/netflix/netflix-commons/netflix-infix/0.3.0/netflix-infix-0.3.0.jar:/Users/jifrozen/.m2/repository/commons-jxpath/commons-jxpath/1.3/commons-jxpath-1.3.jar:/Users/jifrozen/.m2/repository/joda-time/joda-time/2.3/joda-time-2.3.jar:/Users/jifrozen/.m2/repository/org/antlr/antlr-runtime/3.4/antlr-runtime-3.4.jar:/Users/jifrozen/.m2/repository/org/antlr/stringtemplate/3.2.1/stringtemplate-3.2.1.jar:/Users/jifrozen/.m2/repository/org/apache/commons/commons-math/2.2/commons-math-2.2.jar:/Users/jifrozen/.m2/repository/com/thoughtworks/xstream/xstream/1.4.14/xstream-1.4.14.jar:/Users/jifrozen/.m2/repository/xmlpull/xmlpull/1.1.3.1/xmlpull-1.1.3.1.jar:/Users/jifrozen/.m2/repository/xpp3/xpp3_min/1.1.4c/xpp3_min-1.1.4c.jar:/Users/jifrozen/.m2/repository/javax/ws/rs/jsr311-api/1.1.1/jsr311-api-1.1.1.jar:/Users/jifrozen/.m2/repository/com/netflix/servo/servo-core/0.12.21/servo-core-0.12.21.jar:/Users/jifrozen/.m2/repository/org/apache/httpcomponents/httpclient/4.5.13/httpclient-4.5.13.jar:/Users/jifrozen/.m2/repository/org/apache/httpcomponents/httpcore/4.4.14/httpcore-4.4.14.jar:/Users/jifrozen/.m2/repository/commons-codec/commons-codec/1.15/commons-codec-1.15.jar:/Users/jifrozen/.m2/repository/commons-configuration/commons-configuration/1.10/commons-configuration-1.10.jar:/Users/jifrozen/.m2/repository/commons-lang/commons-lang/2.6/commons-lang-2.6.jar:/Users/jifrozen/.m2/repository/com/google/inject/guice/4.1.0/guice-4.1.0.jar:/Users/jifrozen/.m2/repository/javax/inject/javax.inject/1/javax.inject-1.jar:/Users/jifrozen/.m2/repository/aopalliance/aopalliance/1.0/aopalliance-1.0.jar:/Users/jifrozen/.m2/repository/com/fasterxml/jackson/core/jackson-annotations/2.11.4/jackson-annotations-2.11.4.jar:/Users/jifrozen/.m2/repository/com/fasterxml/jackson/core/jackson-core/2.11.4/jackson-core-2.11.4.jar:/Users/jifrozen/.m2/repository/org/codehaus/jettison/jettison/1.4.0/jettison-1.4.0.jar:/Users/jifrozen/.m2/repository/com/netflix/eureka/eureka-core/1.10.11/eureka-core-1.10.11.jar:/Users/jifrozen/.m2/repository/com/fasterxml/woodstox/woodstox-core/5.3.0/woodstox-core-5.3.0.jar:/Users/jifrozen/.m2/repository/org/codehaus/woodstox/stax2-api/4.2/stax2-api-4.2.jar:/Users/jifrozen/.m2/repository/org/springframework/cloud/spring-cloud-starter-loadbalancer/3.0.2/spring-cloud-starter-loadbalancer-3.0.2.jar:/Users/jifrozen/.m2/repository/org/springframework/cloud/spring-cloud-loadbalancer/3.0.2/spring-cloud-loadbalancer-3.0.2.jar:/Users/jifrozen/.m2/repository/org/springframework/boot/spring-boot-starter-validation/2.4.7-SNAPSHOT/spring-boot-starter-validation-2.4.7-SNAPSHOT.jar:/Users/jifrozen/.m2/repository/org/hibernate/validator/hibernate-validator/6.1.7.Final/hibernate-validator-6.1.7.Final.jar:/Users/jifrozen/.m2/repository/jakarta/validation/jakarta.validation-api/2.0.2/jakarta.validation-api-2.0.2.jar:/Users/jifrozen/.m2/repository/io/projectreactor/addons/reactor-extra/3.4.3/reactor-extra-3.4.3.jar:/Users/jifrozen/.m2/repository/org/springframework/boot/spring-boot-starter-cache/2.4.7-SNAPSHOT/spring-boot-starter-cache-2.4.7-SNAPSHOT.jar:/Users/jifrozen/.m2/repository/com/stoyanr/evictor/1.0.0/evictor-1.0.0.jar:/Users/jifrozen/.m2/repository/org/springframework/boot/spring-boot-devtools/2.4.7-SNAPSHOT/spring-boot-devtools-2.4.7-SNAPSHOT.jar:/Users/jifrozen/.m2/repository/org/springframework/boot/spring-boot/2.4.7-SNAPSHOT/spring-boot-2.4.7-SNAPSHOT.jar:/Users/jifrozen/.m2/repository/org/springframework/boot/spring-boot-autoconfigure/2.4.7-SNAPSHOT/spring-boot-autoconfigure-2.4.7-SNAPSHOT.jar:/Users/jifrozen/.m2/repository/org/projectlombok/lombok/1.18.20/lombok-1.18.20.jar:/Users/jifrozen/.m2/repository/org/springframework/boot/spring-boot-starter-test/2.4.7-SNAPSHOT/spring-boot-starter-test-2.4.7-SNAPSHOT.jar:/Users/jifrozen/.m2/repository/org/springframework/boot/spring-boot-test/2.4.7-SNAPSHOT/spring-boot-test-2.4.7-SNAPSHOT.jar:/Users/jifrozen/.m2/repository/org/springframework/boot/spring-boot-test-autoconfigure/2.4.7-SNAPSHOT/spring-boot-test-autoconfigure-2.4.7-SNAPSHOT.jar:/Users/jifrozen/.m2/repository/com/jayway/jsonpath/json-path/2.4.0/json-path-2.4.0.jar:/Users/jifrozen/.m2/repository/net/minidev/json-smart/2.3.1/json-smart-2.3.1.jar:/Users/jifrozen/.m2/repository/net/minidev/accessors-smart/2.3.1/accessors-smart-2.3.1.jar:/Users/jifrozen/.m2/repository/org/ow2/asm/asm/5.0.4/asm-5.0.4.jar:/Users/jifrozen/.m2/repository/jakarta/xml/bind/jakarta.xml.bind-api/2.3.3/jakarta.xml.bind-api-2.3.3.jar:/Users/jifrozen/.m2/repository/jakarta/activation/jakarta.activation-api/1.2.2/jakarta.activation-api-1.2.2.jar:/Users/jifrozen/.m2/repository/org/assertj/assertj-core/3.18.1/assertj-core-3.18.1.jar:/Users/jifrozen/.m2/repository/org/hamcrest/hamcrest/2.2/hamcrest-2.2.jar:/Users/jifrozen/.m2/repository/org/junit/jupiter/junit-jupiter/5.7.2/junit-jupiter-5.7.2.jar:/Users/jifrozen/.m2/repository/org/junit/jupiter/junit-jupiter-api/5.7.2/junit-jupiter-api-5.7.2.jar:/Users/jifrozen/.m2/repository/org/apiguardian/apiguardian-api/1.1.0/apiguardian-api-1.1.0.jar:/Users/jifrozen/.m2/repository/org/opentest4j/opentest4j/1.2.0/opentest4j-1.2.0.jar:/Users/jifrozen/.m2/repository/org/junit/platform/junit-platform-commons/1.7.2/junit-platform-commons-1.7.2.jar:/Users/jifrozen/.m2/repository/org/junit/jupiter/junit-jupiter-params/5.7.2/junit-jupiter-params-5.7.2.jar:/Users/jifrozen/.m2/repository/org/junit/jupiter/junit-jupiter-engine/5.7.2/junit-jupiter-engine-5.7.2.jar:/Users/jifrozen/.m2/repository/org/junit/platform/junit-platform-engine/1.7.2/junit-platform-engine-1.7.2.jar:/Users/jifrozen/.m2/repository/org/mockito/mockito-core/3.6.28/mockito-core-3.6.28.jar:/Users/jifrozen/.m2/repository/net/bytebuddy/byte-buddy/1.10.22/byte-buddy-1.10.22.jar:/Users/jifrozen/.m2/repository/net/bytebuddy/byte-buddy-agent/1.10.22/byte-buddy-agent-1.10.22.jar:/Users/jifrozen/.m2/repository/org/objenesis/objenesis/3.1/objenesis-3.1.jar:/Users/jifrozen/.m2/repository/org/mockito/mockito-junit-jupiter/3.6.28/mockito-junit-jupiter-3.6.28.jar:/Users/jifrozen/.m2/repository/org/skyscreamer/jsonassert/1.5.0/jsonassert-1.5.0.jar:/Users/jifrozen/.m2/repository/com/vaadin/external/google/android-json/0.0.20131108.vaadin1/android-json-0.0.20131108.vaadin1.jar:/Users/jifrozen/.m2/repository/org/springframework/spring-core/5.3.8/spring-core-5.3.8.jar:/Users/jifrozen/.m2/repository/org/springframework/spring-jcl/5.3.8/spring-jcl-5.3.8.jar:/Users/jifrozen/.m2/repository/org/springframework/spring-test/5.3.8/spring-test-5.3.8.jar:/Users/jifrozen/.m2/repository/org/xmlunit/xmlunit-core/2.7.0/xmlunit-core-2.7.0.jar:/Users/jifrozen/.m2/repository/org/springframework/boot/spring-boot-starter-data-jpa/2.4.7-SNAPSHOT/spring-boot-starter-data-jpa-2.4.7-SNAPSHOT.jar:/Users/jifrozen/.m2/repository/org/springframework/boot/spring-boot-starter-aop/2.4.7-SNAPSHOT/spring-boot-starter-aop-2.4.7-SNAPSHOT.jar:/Users/jifrozen/.m2/repository/org/aspectj/aspectjweaver/1.9.6/aspectjweaver-1.9.6.jar:/Users/jifrozen/.m2/repository/org/springframework/boot/spring-boot-starter-jdbc/2.4.7-SNAPSHOT/spring-boot-starter-jdbc-2.4.7-SNAPSHOT.jar:/Users/jifrozen/.m2/repository/com/zaxxer/HikariCP/3.4.5/HikariCP-3.4.5.jar:/Users/jifrozen/.m2/repository/org/springframework/spring-jdbc/5.3.8/spring-jdbc-5.3.8.jar:/Users/jifrozen/.m2/repository/jakarta/transaction/jakarta.transaction-api/1.3.3/jakarta.transaction-api-1.3.3.jar:/Users/jifrozen/.m2/repository/jakarta/persistence/jakarta.persistence-api/2.2.3/jakarta.persistence-api-2.2.3.jar:/Users/jifrozen/.m2/repository/org/hibernate/hibernate-core/5.4.32.Final/hibernate-core-5.4.32.Final.jar:/Users/jifrozen/.m2/repository/org/jboss/logging/jboss-logging/3.4.2.Final/jboss-logging-3.4.2.Final.jar:/Users/jifrozen/.m2/repository/org/javassist/javassist/3.27.0-GA/javassist-3.27.0-GA.jar:/Users/jifrozen/.m2/repository/antlr/antlr/2.7.7/antlr-2.7.7.jar:/Users/jifrozen/.m2/repository/org/jboss/jandex/2.2.3.Final/jandex-2.2.3.Final.jar:/Users/jifrozen/.m2/repository/org/dom4j/dom4j/2.1.3/dom4j-2.1.3.jar:/Users/jifrozen/.m2/repository/org/hibernate/common/hibernate-commons-annotations/5.1.2.Final/hibernate-commons-annotations-5.1.2.Final.jar:/Users/jifrozen/.m2/repository/org/glassfish/jaxb/jaxb-runtime/2.3.4/jaxb-runtime-2.3.4.jar:/Users/jifrozen/.m2/repository/org/glassfish/jaxb/txw2/2.3.4/txw2-2.3.4.jar:/Users/jifrozen/.m2/repository/com/sun/istack/istack-commons-runtime/3.0.12/istack-commons-runtime-3.0.12.jar:/Users/jifrozen/.m2/repository/org/springframework/data/spring-data-jpa/2.4.9/spring-data-jpa-2.4.9.jar:/Users/jifrozen/.m2/repository/org/springframework/data/spring-data-commons/2.4.9/spring-data-commons-2.4.9.jar:/Users/jifrozen/.m2/repository/org/springframework/spring-orm/5.3.8/spring-orm-5.3.8.jar:/Users/jifrozen/.m2/repository/org/springframework/spring-tx/5.3.8/spring-tx-5.3.8.jar:/Users/jifrozen/.m2/repository/org/springframework/spring-aspects/5.3.8/spring-aspects-5.3.8.jar:/Users/jifrozen/.m2/repository/io/jsonwebtoken/jjwt/0.9.1/jjwt-0.9.1.jar:/Users/jifrozen/.m2/repository/com/fasterxml/jackson/core/jackson-databind/2.11.4/jackson-databind-2.11.4.jar:/Users/jifrozen/.m2/repository/org/springframework/boot/spring-boot-starter-security/2.4.7-SNAPSHOT/spring-boot-starter-security-2.4.7-SNAPSHOT.jar:/Users/jifrozen/.m2/repository/org/springframework/spring-aop/5.3.8/spring-aop-5.3.8.jar:/Users/jifrozen/.m2/repository/org/springframework/security/spring-security-config/5.4.6/spring-security-config-5.4.6.jar:/Users/jifrozen/.m2/repository/org/springframework/security/spring-security-web/5.4.6/spring-security-web-5.4.6.jar:/Users/jifrozen/.m2/repository/org/springframework/security/spring-security-test/5.4.6/spring-security-test-5.4.6.jar:/Users/jifrozen/.m2/repository/org/springframework/security/spring-security-core/5.4.6/spring-security-core-5.4.6.jar:/Users/jifrozen/.m2/repository/io/springfox/springfox-swagger-ui/2.9.2/springfox-swagger-ui-2.9.2.jar:/Users/jifrozen/.m2/repository/io/springfox/springfox-spring-web/2.9.2/springfox-spring-web-2.9.2.jar:/Users/jifrozen/.m2/repository/com/epages/restdocs-api-spec-mockmvc/0.10.0/restdocs-api-spec-mockmvc-0.10.0.jar:/Users/jifrozen/.m2/repository/org/jetbrains/kotlin/kotlin-stdlib-jdk8/1.4.32/kotlin-stdlib-jdk8-1.4.32.jar:/Users/jifrozen/.m2/repository/org/jetbrains/kotlin/kotlin-stdlib/1.4.32/kotlin-stdlib-1.4.32.jar:/Users/jifrozen/.m2/repository/org/jetbrains/kotlin/kotlin-stdlib-common/1.4.32/kotlin-stdlib-common-1.4.32.jar:/Users/jifrozen/.m2/repository/org/jetbrains/annotations/13.0/annotations-13.0.jar:/Users/jifrozen/.m2/repository/org/jetbrains/kotlin/kotlin-stdlib-jdk7/1.4.32/kotlin-stdlib-jdk7-1.4.32.jar:/Users/jifrozen/.m2/repository/org/springframework/restdocs/spring-restdocs-mockmvc/2.0.5.RELEASE/spring-restdocs-mockmvc-2.0.5.RELEASE.jar:/Users/jifrozen/.m2/repository/javax/servlet/javax.servlet-api/4.0.1/javax.servlet-api-4.0.1.jar:/Users/jifrozen/.m2/repository/com/epages/restdocs-api-spec/0.10.0/restdocs-api-spec-0.10.0.jar:/Users/jifrozen/.m2/repository/org/jetbrains/kotlin/kotlin-reflect/1.4.32/kotlin-reflect-1.4.32.jar:/Users/jifrozen/.m2/repository/org/springframework/restdocs/spring-restdocs-core/2.0.5.RELEASE/spring-restdocs-core-2.0.5.RELEASE.jar:/Users/jifrozen/.m2/repository/com/fasterxml/jackson/module/jackson-module-kotlin/2.11.4/jackson-module-kotlin-2.11.4.jar:/Users/jifrozen/.m2/repository/org/springframework/cloud/spring-cloud-starter-openfeign/3.0.2/spring-cloud-starter-openfeign-3.0.2.jar:/Users/jifrozen/.m2/repository/org/springframework/cloud/spring-cloud-openfeign-core/3.0.2/spring-cloud-openfeign-core-3.0.2.jar:/Users/jifrozen/.m2/repository/io/github/openfeign/form/feign-form-spring/3.8.0/feign-form-spring-3.8.0.jar:/Users/jifrozen/.m2/repository/io/github/openfeign/form/feign-form/3.8.0/feign-form-3.8.0.jar:/Users/jifrozen/.m2/repository/org/springframework/cloud/spring-cloud-commons/3.0.2/spring-cloud-commons-3.0.2.jar:/Users/jifrozen/.m2/repository/org/springframework/security/spring-security-crypto/5.4.6/spring-security-crypto-5.4.6.jar:/Users/jifrozen/.m2/repository/io/github/openfeign/feign-core/10.10.1/feign-core-10.10.1.jar:/Users/jifrozen/.m2/repository/io/github/openfeign/feign-slf4j/10.10.1/feign-slf4j-10.10.1.jar:/Users/jifrozen/.m2/repository/io/springfox/springfox-swagger2/2.9.2/springfox-swagger2-2.9.2.jar:/Users/jifrozen/.m2/repository/io/swagger/swagger-annotations/1.5.20/swagger-annotations-1.5.20.jar:/Users/jifrozen/.m2/repository/io/swagger/swagger-models/1.5.20/swagger-models-1.5.20.jar:/Users/jifrozen/.m2/repository/io/springfox/springfox-spi/2.9.2/springfox-spi-2.9.2.jar:/Users/jifrozen/.m2/repository/io/springfox/springfox-core/2.9.2/springfox-core-2.9.2.jar:/Users/jifrozen/.m2/repository/io/springfox/springfox-schema/2.9.2/springfox-schema-2.9.2.jar:/Users/jifrozen/.m2/repository/io/springfox/springfox-swagger-common/2.9.2/springfox-swagger-common-2.9.2.jar:/Users/jifrozen/.m2/repository/com/google/guava/guava/20.0/guava-20.0.jar:/Users/jifrozen/.m2/repository/com/fasterxml/classmate/1.5.1/classmate-1.5.1.jar:/Users/jifrozen/.m2/repository/org/slf4j/slf4j-api/1.7.30/slf4j-api-1.7.30.jar:/Users/jifrozen/.m2/repository/org/springframework/plugin/spring-plugin-core/1.2.0.RELEASE/spring-plugin-core-1.2.0.RELEASE.jar:/Users/jifrozen/.m2/repository/org/springframework/plugin/spring-plugin-metadata/1.2.0.RELEASE/spring-plugin-metadata-1.2.0.RELEASE.jar:/Users/jifrozen/.m2/repository/org/mapstruct/mapstruct/1.2.0.Final/mapstruct-1.2.0.Final.jar:/Users/jifrozen/.m2/repository/commons-fileupload/commons-fileupload/1.4/commons-fileupload-1.4.jar:/Users/jifrozen/.m2/repository/commons-io/commons-io/1.4/commons-io-1.4.jar:/Users/jifrozen/.m2/repository/com/h2database/h2/1.3.176/h2-1.3.176.jar:/Users/jifrozen/.m2/repository/org/modelmapper/modelmapper/2.3.8/modelmapper-2.3.8.jar:/Users/jifrozen/.m2/repository/junit/junit/4.13.2/junit-4.13.2.jar:/Users/jifrozen/.m2/repository/org/hamcrest/hamcrest-core/2.2/hamcrest-core-2.2.jar:/Users/jifrozen/.m2/repository/org/springframework/boot/spring-boot-starter-mail/2.4.7-SNAPSHOT/spring-boot-starter-mail-2.4.7-SNAPSHOT.jar:/Users/jifrozen/.m2/repository/org/springframework/spring-context-support/5.3.8/spring-context-support-5.3.8.jar:/Users/jifrozen/.m2/repository/com/sun/mail/jakarta.mail/1.6.7/jakarta.mail-1.6.7.jar:/Users/jifrozen/.m2/repository/com/sun/activation/jakarta.activation/1.2.2/jakarta.activation-1.2.2.jar:/Users/jifrozen/.m2/repository/com/google/code/gson/gson/2.8.7/gson-2.8.7.jar:/Users/jifrozen/.m2/repository/org/springframework/boot/spring-boot-configuration-processor/2.4.7-SNAPSHOT/spring-boot-configuration-processor-2.4.7-SNAPSHOT.jar:/Users/jifrozen/.m2/repository/org/springframework/restdocs/spring-restdocs-asciidoctor/2.0.5.RELEASE/spring-restdocs-asciidoctor-2.0.5.RELEASE.jar:/Users/jifrozen/.m2/repository/org/springframework/boot/spring-boot-starter-data-redis/2.4.7-SNAPSHOT/spring-boot-starter-data-redis-2.4.7-SNAPSHOT.jar:/Users/jifrozen/.m2/repository/org/springframework/data/spring-data-redis/2.4.9/spring-data-redis-2.4.9.jar:/Users/jifrozen/.m2/repository/org/springframework/data/spring-data-keyvalue/2.4.9/spring-data-keyvalue-2.4.9.jar:/Users/jifrozen/.m2/repository/org/springframework/spring-oxm/5.3.8/spring-oxm-5.3.8.jar:/Users/jifrozen/.m2/repository/io/lettuce/lettuce-core/6.0.5.RELEASE/lettuce-core-6.0.5.RELEASE.jar:/Users/jifrozen/.m2/repository/io/netty/netty-common/4.1.65.Final/netty-common-4.1.65.Final.jar:/Users/jifrozen/.m2/repository/io/netty/netty-handler/4.1.65.Final/netty-handler-4.1.65.Final.jar:/Users/jifrozen/.m2/repository/io/netty/netty-resolver/4.1.65.Final/netty-resolver-4.1.65.Final.jar:/Users/jifrozen/.m2/repository/io/netty/netty-buffer/4.1.65.Final/netty-buffer-4.1.65.Final.jar:/Users/jifrozen/.m2/repository/io/netty/netty-codec/4.1.65.Final/netty-codec-4.1.65.Final.jar:/Users/jifrozen/.m2/repository/io/netty/netty-transport/4.1.65.Final/netty-transport-4.1.65.Final.jar:/Users/jifrozen/.m2/repository/io/projectreactor/reactor-core/3.4.6/reactor-core-3.4.6.jar:/Users/jifrozen/.m2/repository/org/reactivestreams/reactive-streams/1.0.3/reactive-streams-1.0.3.jar:"/>
    <property name="java.vm.vendor" value="Oracle Corporation"/>
    <property name="sun.arch.data.model" value="64"/>
    <property name="java.vendor.url" value="https://openjdk.java.net/"/>
    <property name="user.timezone" value=""/>
    <property name="java.vm.specification.version" value="11"/>
    <property name="os.name" value="Mac OS X"/>
    <property name="sun.java.launcher" value="SUN_STANDARD"/>
    <property name="user.country" value="KR"/>
    <property name="sun.boot.library.path" value="/Library/Java/JavaVirtualMachines/jdk-11.0.11.jdk/Contents/Home/lib"/>
    <property name="sun.java.command" value="/Users/jifrozen/project/Dining-together/Backend/member/target/surefire/surefirebooter119944587996707748.jar /Users/jifrozen/project/Dining-together/Backend/member/target/surefire 2021-07-15T13-47-55_664-jvmRun1 surefire4460572784878603032tmp surefire_01674376457240408832tmp"/>
    <property name="http.nonProxyHosts" value="local|*.local|169.254/16|*.169.254/16"/>
    <property name="jdk.debug" value="release"/>
    <property name="surefire.test.class.path" value="/Users/jifrozen/project/Dining-together/Backend/member/target/test-classes:/Users/jifrozen/project/Dining-together/Backend/member/target/classes:/Users/jifrozen/.m2/repository/org/springframework/boot/spring-boot-starter-web/2.4.7-SNAPSHOT/spring-boot-starter-web-2.4.7-SNAPSHOT.jar:/Users/jifrozen/.m2/repository/org/springframework/boot/spring-boot-starter/2.4.7-SNAPSHOT/spring-boot-starter-2.4.7-SNAPSHOT.jar:/Users/jifrozen/.m2/repository/org/springframework/boot/spring-boot-starter-logging/2.4.7-SNAPSHOT/spring-boot-starter-logging-2.4.7-SNAPSHOT.jar:/Users/jifrozen/.m2/repository/ch/qos/logback/logback-classic/1.2.3/logback-classic-1.2.3.jar:/Users/jifrozen/.m2/repository/ch/qos/logback/logback-core/1.2.3/logback-core-1.2.3.jar:/Users/jifrozen/.m2/repository/org/apache/logging/log4j/log4j-to-slf4j/2.13.3/log4j-to-slf4j-2.13.3.jar:/Users/jifrozen/.m2/repository/org/apache/logging/log4j/log4j-api/2.13.3/log4j-api-2.13.3.jar:/Users/jifrozen/.m2/repository/org/slf4j/jul-to-slf4j/1.7.30/jul-to-slf4j-1.7.30.jar:/Users/jifrozen/.m2/repository/jakarta/annotation/jakarta.annotation-api/1.3.5/jakarta.annotation-api-1.3.5.jar:/Users/jifrozen/.m2/repository/org/yaml/snakeyaml/1.27/snakeyaml-1.27.jar:/Users/jifrozen/.m2/repository/org/springframework/boot/spring-boot-starter-json/2.4.7-SNAPSHOT/spring-boot-starter-json-2.4.7-SNAPSHOT.jar:/Users/jifrozen/.m2/repository/com/fasterxml/jackson/datatype/jackson-datatype-jdk8/2.11.4/jackson-datatype-jdk8-2.11.4.jar:/Users/jifrozen/.m2/repository/com/fasterxml/jackson/datatype/jackson-datatype-jsr310/2.11.4/jackson-datatype-jsr310-2.11.4.jar:/Users/jifrozen/.m2/repository/com/fasterxml/jackson/module/jackson-module-parameter-names/2.11.4/jackson-module-parameter-names-2.11.4.jar:/Users/jifrozen/.m2/repository/org/springframework/boot/spring-boot-starter-tomcat/2.4.7-SNAPSHOT/spring-boot-starter-tomcat-2.4.7-SNAPSHOT.jar:/Users/jifrozen/.m2/repository/org/apache/tomcat/embed/tomcat-embed-core/9.0.46/tomcat-embed-core-9.0.46.jar:/Users/jifrozen/.m2/repository/org/glassfish/jakarta.el/3.0.3/jakarta.el-3.0.3.jar:/Users/jifrozen/.m2/repository/org/apache/tomcat/embed/tomcat-embed-websocket/9.0.46/tomcat-embed-websocket-9.0.46.jar:/Users/jifrozen/.m2/repository/org/springframework/spring-web/5.3.8/spring-web-5.3.8.jar:/Users/jifrozen/.m2/repository/org/springframework/spring-beans/5.3.8/spring-beans-5.3.8.jar:/Users/jifrozen/.m2/repository/org/springframework/spring-webmvc/5.3.8/spring-webmvc-5.3.8.jar:/Users/jifrozen/.m2/repository/org/springframework/spring-context/5.3.8/spring-context-5.3.8.jar:/Users/jifrozen/.m2/repository/org/springframework/spring-expression/5.3.8/spring-expression-5.3.8.jar:/Users/jifrozen/.m2/repository/org/springframework/cloud/spring-cloud-starter-netflix-eureka-client/3.0.2/spring-cloud-starter-netflix-eureka-client-3.0.2.jar:/Users/jifrozen/.m2/repository/org/springframework/cloud/spring-cloud-starter/3.0.2/spring-cloud-starter-3.0.2.jar:/Users/jifrozen/.m2/repository/org/springframework/cloud/spring-cloud-context/3.0.2/spring-cloud-context-3.0.2.jar:/Users/jifrozen/.m2/repository/org/springframework/security/spring-security-rsa/1.0.9.RELEASE/spring-security-rsa-1.0.9.RELEASE.jar:/Users/jifrozen/.m2/repository/org/bouncycastle/bcpkix-jdk15on/1.64/bcpkix-jdk15on-1.64.jar:/Users/jifrozen/.m2/repository/org/bouncycastle/bcprov-jdk15on/1.64/bcprov-jdk15on-1.64.jar:/Users/jifrozen/.m2/repository/org/springframework/cloud/spring-cloud-netflix-eureka-client/3.0.2/spring-cloud-netflix-eureka-client-3.0.2.jar:/Users/jifrozen/.m2/repository/com/netflix/eureka/eureka-client/1.10.11/eureka-client-1.10.11.jar:/Users/jifrozen/.m2/repository/com/netflix/netflix-commons/netflix-eventbus/0.3.0/netflix-eventbus-0.3.0.jar:/Users/jifrozen/.m2/repository/com/netflix/netflix-commons/netflix-infix/0.3.0/netflix-infix-0.3.0.jar:/Users/jifrozen/.m2/repository/commons-jxpath/commons-jxpath/1.3/commons-jxpath-1.3.jar:/Users/jifrozen/.m2/repository/joda-time/joda-time/2.3/joda-time-2.3.jar:/Users/jifrozen/.m2/repository/org/antlr/antlr-runtime/3.4/antlr-runtime-3.4.jar:/Users/jifrozen/.m2/repository/org/antlr/stringtemplate/3.2.1/stringtemplate-3.2.1.jar:/Users/jifrozen/.m2/repository/org/apache/commons/commons-math/2.2/commons-math-2.2.jar:/Users/jifrozen/.m2/repository/com/thoughtworks/xstream/xstream/1.4.14/xstream-1.4.14.jar:/Users/jifrozen/.m2/repository/xmlpull/xmlpull/1.1.3.1/xmlpull-1.1.3.1.jar:/Users/jifrozen/.m2/repository/xpp3/xpp3_min/1.1.4c/xpp3_min-1.1.4c.jar:/Users/jifrozen/.m2/repository/javax/ws/rs/jsr311-api/1.1.1/jsr311-api-1.1.1.jar:/Users/jifrozen/.m2/repository/com/netflix/servo/servo-core/0.12.21/servo-core-0.12.21.jar:/Users/jifrozen/.m2/repository/org/apache/httpcomponents/httpclient/4.5.13/httpclient-4.5.13.jar:/Users/jifrozen/.m2/repository/org/apache/httpcomponents/httpcore/4.4.14/httpcore-4.4.14.jar:/Users/jifrozen/.m2/repository/commons-codec/commons-codec/1.15/commons-codec-1.15.jar:/Users/jifrozen/.m2/repository/commons-configuration/commons-configuration/1.10/commons-configuration-1.10.jar:/Users/jifrozen/.m2/repository/commons-lang/commons-lang/2.6/commons-lang-2.6.jar:/Users/jifrozen/.m2/repository/com/google/inject/guice/4.1.0/guice-4.1.0.jar:/Users/jifrozen/.m2/repository/javax/inject/javax.inject/1/javax.inject-1.jar:/Users/jifrozen/.m2/repository/aopalliance/aopalliance/1.0/aopalliance-1.0.jar:/Users/jifrozen/.m2/repository/com/fasterxml/jackson/core/jackson-annotations/2.11.4/jackson-annotations-2.11.4.jar:/Users/jifrozen/.m2/repository/com/fasterxml/jackson/core/jackson-core/2.11.4/jackson-core-2.11.4.jar:/Users/jifrozen/.m2/repository/org/codehaus/jettison/jettison/1.4.0/jettison-1.4.0.jar:/Users/jifrozen/.m2/repository/com/netflix/eureka/eureka-core/1.10.11/eureka-core-1.10.11.jar:/Users/jifrozen/.m2/repository/com/fasterxml/woodstox/woodstox-core/5.3.0/woodstox-core-5.3.0.jar:/Users/jifrozen/.m2/repository/org/codehaus/woodstox/stax2-api/4.2/stax2-api-4.2.jar:/Users/jifrozen/.m2/repository/org/springframework/cloud/spring-cloud-starter-loadbalancer/3.0.2/spring-cloud-starter-loadbalancer-3.0.2.jar:/Users/jifrozen/.m2/repository/org/springframework/cloud/spring-cloud-loadbalancer/3.0.2/spring-cloud-loadbalancer-3.0.2.jar:/Users/jifrozen/.m2/repository/org/springframework/boot/spring-boot-starter-validation/2.4.7-SNAPSHOT/spring-boot-starter-validation-2.4.7-SNAPSHOT.jar:/Users/jifrozen/.m2/repository/org/hibernate/validator/hibernate-validator/6.1.7.Final/hibernate-validator-6.1.7.Final.jar:/Users/jifrozen/.m2/repository/jakarta/validation/jakarta.validation-api/2.0.2/jakarta.validation-api-2.0.2.jar:/Users/jifrozen/.m2/repository/io/projectreactor/addons/reactor-extra/3.4.3/reactor-extra-3.4.3.jar:/Users/jifrozen/.m2/repository/org/springframework/boot/spring-boot-starter-cache/2.4.7-SNAPSHOT/spring-boot-starter-cache-2.4.7-SNAPSHOT.jar:/Users/jifrozen/.m2/repository/com/stoyanr/evictor/1.0.0/evictor-1.0.0.jar:/Users/jifrozen/.m2/repository/org/springframework/boot/spring-boot-devtools/2.4.7-SNAPSHOT/spring-boot-devtools-2.4.7-SNAPSHOT.jar:/Users/jifrozen/.m2/repository/org/springframework/boot/spring-boot/2.4.7-SNAPSHOT/spring-boot-2.4.7-SNAPSHOT.jar:/Users/jifrozen/.m2/repository/org/springframework/boot/spring-boot-autoconfigure/2.4.7-SNAPSHOT/spring-boot-autoconfigure-2.4.7-SNAPSHOT.jar:/Users/jifrozen/.m2/repository/org/projectlombok/lombok/1.18.20/lombok-1.18.20.jar:/Users/jifrozen/.m2/repository/org/springframework/boot/spring-boot-starter-test/2.4.7-SNAPSHOT/spring-boot-starter-test-2.4.7-SNAPSHOT.jar:/Users/jifrozen/.m2/repository/org/springframework/boot/spring-boot-test/2.4.7-SNAPSHOT/spring-boot-test-2.4.7-SNAPSHOT.jar:/Users/jifrozen/.m2/repository/org/springframework/boot/spring-boot-test-autoconfigure/2.4.7-SNAPSHOT/spring-boot-test-autoconfigure-2.4.7-SNAPSHOT.jar:/Users/jifrozen/.m2/repository/com/jayway/jsonpath/json-path/2.4.0/json-path-2.4.0.jar:/Users/jifrozen/.m2/repository/net/minidev/json-smart/2.3.1/json-smart-2.3.1.jar:/Users/jifrozen/.m2/repository/net/minidev/accessors-smart/2.3.1/accessors-smart-2.3.1.jar:/Users/jifrozen/.m2/repository/org/ow2/asm/asm/5.0.4/asm-5.0.4.jar:/Users/jifrozen/.m2/repository/jakarta/xml/bind/jakarta.xml.bind-api/2.3.3/jakarta.xml.bind-api-2.3.3.jar:/Users/jifrozen/.m2/repository/jakarta/activation/jakarta.activation-api/1.2.2/jakarta.activation-api-1.2.2.jar:/Users/jifrozen/.m2/repository/org/assertj/assertj-core/3.18.1/assertj-core-3.18.1.jar:/Users/jifrozen/.m2/repository/org/hamcrest/hamcrest/2.2/hamcrest-2.2.jar:/Users/jifrozen/.m2/repository/org/junit/jupiter/junit-jupiter/5.7.2/junit-jupiter-5.7.2.jar:/Users/jifrozen/.m2/repository/org/junit/jupiter/junit-jupiter-api/5.7.2/junit-jupiter-api-5.7.2.jar:/Users/jifrozen/.m2/repository/org/apiguardian/apiguardian-api/1.1.0/apiguardian-api-1.1.0.jar:/Users/jifrozen/.m2/repository/org/opentest4j/opentest4j/1.2.0/opentest4j-1.2.0.jar:/Users/jifrozen/.m2/repository/org/junit/platform/junit-platform-commons/1.7.2/junit-platform-commons-1.7.2.jar:/Users/jifrozen/.m2/repository/org/junit/jupiter/junit-jupiter-params/5.7.2/junit-jupiter-params-5.7.2.jar:/Users/jifrozen/.m2/repository/org/junit/jupiter/junit-jupiter-engine/5.7.2/junit-jupiter-engine-5.7.2.jar:/Users/jifrozen/.m2/repository/org/junit/platform/junit-platform-engine/1.7.2/junit-platform-engine-1.7.2.jar:/Users/jifrozen/.m2/repository/org/mockito/mockito-core/3.6.28/mockito-core-3.6.28.jar:/Users/jifrozen/.m2/repository/net/bytebuddy/byte-buddy/1.10.22/byte-buddy-1.10.22.jar:/Users/jifrozen/.m2/repository/net/bytebuddy/byte-buddy-agent/1.10.22/byte-buddy-agent-1.10.22.jar:/Users/jifrozen/.m2/repository/org/objenesis/objenesis/3.1/objenesis-3.1.jar:/Users/jifrozen/.m2/repository/org/mockito/mockito-junit-jupiter/3.6.28/mockito-junit-jupiter-3.6.28.jar:/Users/jifrozen/.m2/repository/org/skyscreamer/jsonassert/1.5.0/jsonassert-1.5.0.jar:/Users/jifrozen/.m2/repository/com/vaadin/external/google/android-json/0.0.20131108.vaadin1/android-json-0.0.20131108.vaadin1.jar:/Users/jifrozen/.m2/repository/org/springframework/spring-core/5.3.8/spring-core-5.3.8.jar:/Users/jifrozen/.m2/repository/org/springframework/spring-jcl/5.3.8/spring-jcl-5.3.8.jar:/Users/jifrozen/.m2/repository/org/springframework/spring-test/5.3.8/spring-test-5.3.8.jar:/Users/jifrozen/.m2/repository/org/xmlunit/xmlunit-core/2.7.0/xmlunit-core-2.7.0.jar:/Users/jifrozen/.m2/repository/org/springframework/boot/spring-boot-starter-data-jpa/2.4.7-SNAPSHOT/spring-boot-starter-data-jpa-2.4.7-SNAPSHOT.jar:/Users/jifrozen/.m2/repository/org/springframework/boot/spring-boot-starter-aop/2.4.7-SNAPSHOT/spring-boot-starter-aop-2.4.7-SNAPSHOT.jar:/Users/jifrozen/.m2/repository/org/aspectj/aspectjweaver/1.9.6/aspectjweaver-1.9.6.jar:/Users/jifrozen/.m2/repository/org/springframework/boot/spring-boot-starter-jdbc/2.4.7-SNAPSHOT/spring-boot-starter-jdbc-2.4.7-SNAPSHOT.jar:/Users/jifrozen/.m2/repository/com/zaxxer/HikariCP/3.4.5/HikariCP-3.4.5.jar:/Users/jifrozen/.m2/repository/org/springframework/spring-jdbc/5.3.8/spring-jdbc-5.3.8.jar:/Users/jifrozen/.m2/repository/jakarta/transaction/jakarta.transaction-api/1.3.3/jakarta.transaction-api-1.3.3.jar:/Users/jifrozen/.m2/repository/jakarta/persistence/jakarta.persistence-api/2.2.3/jakarta.persistence-api-2.2.3.jar:/Users/jifrozen/.m2/repository/org/hibernate/hibernate-core/5.4.32.Final/hibernate-core-5.4.32.Final.jar:/Users/jifrozen/.m2/repository/org/jboss/logging/jboss-logging/3.4.2.Final/jboss-logging-3.4.2.Final.jar:/Users/jifrozen/.m2/repository/org/javassist/javassist/3.27.0-GA/javassist-3.27.0-GA.jar:/Users/jifrozen/.m2/repository/antlr/antlr/2.7.7/antlr-2.7.7.jar:/Users/jifrozen/.m2/repository/org/jboss/jandex/2.2.3.Final/jandex-2.2.3.Final.jar:/Users/jifrozen/.m2/repository/org/dom4j/dom4j/2.1.3/dom4j-2.1.3.jar:/Users/jifrozen/.m2/repository/org/hibernate/common/hibernate-commons-annotations/5.1.2.Final/hibernate-commons-annotations-5.1.2.Final.jar:/Users/jifrozen/.m2/repository/org/glassfish/jaxb/jaxb-runtime/2.3.4/jaxb-runtime-2.3.4.jar:/Users/jifrozen/.m2/repository/org/glassfish/jaxb/txw2/2.3.4/txw2-2.3.4.jar:/Users/jifrozen/.m2/repository/com/sun/istack/istack-commons-runtime/3.0.12/istack-commons-runtime-3.0.12.jar:/Users/jifrozen/.m2/repository/org/springframework/data/spring-data-jpa/2.4.9/spring-data-jpa-2.4.9.jar:/Users/jifrozen/.m2/repository/org/springframework/data/spring-data-commons/2.4.9/spring-data-commons-2.4.9.jar:/Users/jifrozen/.m2/repository/org/springframework/spring-orm/5.3.8/spring-orm-5.3.8.jar:/Users/jifrozen/.m2/repository/org/springframework/spring-tx/5.3.8/spring-tx-5.3.8.jar:/Users/jifrozen/.m2/repository/org/springframework/spring-aspects/5.3.8/spring-aspects-5.3.8.jar:/Users/jifrozen/.m2/repository/io/jsonwebtoken/jjwt/0.9.1/jjwt-0.9.1.jar:/Users/jifrozen/.m2/repository/com/fasterxml/jackson/core/jackson-databind/2.11.4/jackson-databind-2.11.4.jar:/Users/jifrozen/.m2/repository/org/springframework/boot/spring-boot-starter-security/2.4.7-SNAPSHOT/spring-boot-starter-security-2.4.7-SNAPSHOT.jar:/Users/jifrozen/.m2/repository/org/springframework/spring-aop/5.3.8/spring-aop-5.3.8.jar:/Users/jifrozen/.m2/repository/org/springframework/security/spring-security-config/5.4.6/spring-security-config-5.4.6.jar:/Users/jifrozen/.m2/repository/org/springframework/security/spring-security-web/5.4.6/spring-security-web-5.4.6.jar:/Users/jifrozen/.m2/repository/org/springframework/security/spring-security-test/5.4.6/spring-security-test-5.4.6.jar:/Users/jifrozen/.m2/repository/org/springframework/security/spring-security-core/5.4.6/spring-security-core-5.4.6.jar:/Users/jifrozen/.m2/repository/io/springfox/springfox-swagger-ui/2.9.2/springfox-swagger-ui-2.9.2.jar:/Users/jifrozen/.m2/repository/io/springfox/springfox-spring-web/2.9.2/springfox-spring-web-2.9.2.jar:/Users/jifrozen/.m2/repository/com/epages/restdocs-api-spec-mockmvc/0.10.0/restdocs-api-spec-mockmvc-0.10.0.jar:/Users/jifrozen/.m2/repository/org/jetbrains/kotlin/kotlin-stdlib-jdk8/1.4.32/kotlin-stdlib-jdk8-1.4.32.jar:/Users/jifrozen/.m2/repository/org/jetbrains/kotlin/kotlin-stdlib/1.4.32/kotlin-stdlib-1.4.32.jar:/Users/jifrozen/.m2/repository/org/jetbrains/kotlin/kotlin-stdlib-common/1.4.32/kotlin-stdlib-common-1.4.32.jar:/Users/jifrozen/.m2/repository/org/jetbrains/annotations/13.0/annotations-13.0.jar:/Users/jifrozen/.m2/repository/org/jetbrains/kotlin/kotlin-stdlib-jdk7/1.4.32/kotlin-stdlib-jdk7-1.4.32.jar:/Users/jifrozen/.m2/repository/org/springframework/restdocs/spring-restdocs-mockmvc/2.0.5.RELEASE/spring-restdocs-mockmvc-2.0.5.RELEASE.jar:/Users/jifrozen/.m2/repository/javax/servlet/javax.servlet-api/4.0.1/javax.servlet-api-4.0.1.jar:/Users/jifrozen/.m2/repository/com/epages/restdocs-api-spec/0.10.0/restdocs-api-spec-0.10.0.jar:/Users/jifrozen/.m2/repository/org/jetbrains/kotlin/kotlin-reflect/1.4.32/kotlin-reflect-1.4.32.jar:/Users/jifrozen/.m2/repository/org/springframework/restdocs/spring-restdocs-core/2.0.5.RELEASE/spring-restdocs-core-2.0.5.RELEASE.jar:/Users/jifrozen/.m2/repository/com/fasterxml/jackson/module/jackson-module-kotlin/2.11.4/jackson-module-kotlin-2.11.4.jar:/Users/jifrozen/.m2/repository/org/springframework/cloud/spring-cloud-starter-openfeign/3.0.2/spring-cloud-starter-openfeign-3.0.2.jar:/Users/jifrozen/.m2/repository/org/springframework/cloud/spring-cloud-openfeign-core/3.0.2/spring-cloud-openfeign-core-3.0.2.jar:/Users/jifrozen/.m2/repository/io/github/openfeign/form/feign-form-spring/3.8.0/feign-form-spring-3.8.0.jar:/Users/jifrozen/.m2/repository/io/github/openfeign/form/feign-form/3.8.0/feign-form-3.8.0.jar:/Users/jifrozen/.m2/repository/org/springframework/cloud/spring-cloud-commons/3.0.2/spring-cloud-commons-3.0.2.jar:/Users/jifrozen/.m2/repository/org/springframework/security/spring-security-crypto/5.4.6/spring-security-crypto-5.4.6.jar:/Users/jifrozen/.m2/repository/io/github/openfeign/feign-core/10.10.1/feign-core-10.10.1.jar:/Users/jifrozen/.m2/repository/io/github/openfeign/feign-slf4j/10.10.1/feign-slf4j-10.10.1.jar:/Users/jifrozen/.m2/repository/io/springfox/springfox-swagger2/2.9.2/springfox-swagger2-2.9.2.jar:/Users/jifrozen/.m2/repository/io/swagger/swagger-annotations/1.5.20/swagger-annotations-1.5.20.jar:/Users/jifrozen/.m2/repository/io/swagger/swagger-models/1.5.20/swagger-models-1.5.20.jar:/Users/jifrozen/.m2/repository/io/springfox/springfox-spi/2.9.2/springfox-spi-2.9.2.jar:/Users/jifrozen/.m2/repository/io/springfox/springfox-core/2.9.2/springfox-core-2.9.2.jar:/Users/jifrozen/.m2/repository/io/springfox/springfox-schema/2.9.2/springfox-schema-2.9.2.jar:/Users/jifrozen/.m2/repository/io/springfox/springfox-swagger-common/2.9.2/springfox-swagger-common-2.9.2.jar:/Users/jifrozen/.m2/repository/com/google/guava/guava/20.0/guava-20.0.jar:/Users/jifrozen/.m2/repository/com/fasterxml/classmate/1.5.1/classmate-1.5.1.jar:/Users/jifrozen/.m2/repository/org/slf4j/slf4j-api/1.7.30/slf4j-api-1.7.30.jar:/Users/jifrozen/.m2/repository/org/springframework/plugin/spring-plugin-core/1.2.0.RELEASE/spring-plugin-core-1.2.0.RELEASE.jar:/Users/jifrozen/.m2/repository/org/springframework/plugin/spring-plugin-metadata/1.2.0.RELEASE/spring-plugin-metadata-1.2.0.RELEASE.jar:/Users/jifrozen/.m2/repository/org/mapstruct/mapstruct/1.2.0.Final/mapstruct-1.2.0.Final.jar:/Users/jifrozen/.m2/repository/commons-fileupload/commons-fileupload/1.4/commons-fileupload-1.4.jar:/Users/jifrozen/.m2/repository/commons-io/commons-io/1.4/commons-io-1.4.jar:/Users/jifrozen/.m2/repository/com/h2database/h2/1.3.176/h2-1.3.176.jar:/Users/jifrozen/.m2/repository/org/modelmapper/modelmapper/2.3.8/modelmapper-2.3.8.jar:/Users/jifrozen/.m2/repository/junit/junit/4.13.2/junit-4.13.2.jar:/Users/jifrozen/.m2/repository/org/hamcrest/hamcrest-core/2.2/hamcrest-core-2.2.jar:/Users/jifrozen/.m2/repository/org/springframework/boot/spring-boot-starter-mail/2.4.7-SNAPSHOT/spring-boot-starter-mail-2.4.7-SNAPSHOT.jar:/Users/jifrozen/.m2/repository/org/springframework/spring-context-support/5.3.8/spring-context-support-5.3.8.jar:/Users/jifrozen/.m2/repository/com/sun/mail/jakarta.mail/1.6.7/jakarta.mail-1.6.7.jar:/Users/jifrozen/.m2/repository/com/sun/activation/jakarta.activation/1.2.2/jakarta.activation-1.2.2.jar:/Users/jifrozen/.m2/repository/com/google/code/gson/gson/2.8.7/gson-2.8.7.jar:/Users/jifrozen/.m2/repository/org/springframework/boot/spring-boot-configuration-processor/2.4.7-SNAPSHOT/spring-boot-configuration-processor-2.4.7-SNAPSHOT.jar:/Users/jifrozen/.m2/repository/org/springframework/restdocs/spring-restdocs-asciidoctor/2.0.5.RELEASE/spring-restdocs-asciidoctor-2.0.5.RELEASE.jar:/Users/jifrozen/.m2/repository/org/springframework/boot/spring-boot-starter-data-redis/2.4.7-SNAPSHOT/spring-boot-starter-data-redis-2.4.7-SNAPSHOT.jar:/Users/jifrozen/.m2/repository/org/springframework/data/spring-data-redis/2.4.9/spring-data-redis-2.4.9.jar:/Users/jifrozen/.m2/repository/org/springframework/data/spring-data-keyvalue/2.4.9/spring-data-keyvalue-2.4.9.jar:/Users/jifrozen/.m2/repository/org/springframework/spring-oxm/5.3.8/spring-oxm-5.3.8.jar:/Users/jifrozen/.m2/repository/io/lettuce/lettuce-core/6.0.5.RELEASE/lettuce-core-6.0.5.RELEASE.jar:/Users/jifrozen/.m2/repository/io/netty/netty-common/4.1.65.Final/netty-common-4.1.65.Final.jar:/Users/jifrozen/.m2/repository/io/netty/netty-handler/4.1.65.Final/netty-handler-4.1.65.Final.jar:/Users/jifrozen/.m2/repository/io/netty/netty-resolver/4.1.65.Final/netty-resolver-4.1.65.Final.jar:/Users/jifrozen/.m2/repository/io/netty/netty-buffer/4.1.65.Final/netty-buffer-4.1.65.Final.jar:/Users/jifrozen/.m2/repository/io/netty/netty-codec/4.1.65.Final/netty-codec-4.1.65.Final.jar:/Users/jifrozen/.m2/repository/io/netty/netty-transport/4.1.65.Final/netty-transport-4.1.65.Final.jar:/Users/jifrozen/.m2/repository/io/projectreactor/reactor-core/3.4.6/reactor-core-3.4.6.jar:/Users/jifrozen/.m2/repository/org/reactivestreams/reactive-streams/1.0.3/reactive-streams-1.0.3.jar:"/>
    <property name="sun.cpu.endian" value="little"/>
    <property name="user.home" value="/Users/jifrozen"/>
    <property name="user.language" value="ko"/>
    <property name="java.specification.vendor" value="Oracle Corporation"/>
    <property name="java.version.date" value="2021-04-20"/>
    <property name="java.home" value="/Library/Java/JavaVirtualMachines/jdk-11.0.11.jdk/Contents/Home"/>
    <property name="file.separator" value="/"/>
    <property name="basedir" value="/Users/jifrozen/project/Dining-together/Backend/member"/>
    <property name="java.vm.compressedOopsMode" value="Zero based"/>
    <property name="line.separator" value="&#10;"/>
    <property name="java.specification.name" value="Java Platform API Specification"/>
    <property name="java.vm.specification.vendor" value="Oracle Corporation"/>
    <property name="java.awt.graphicsenv" value="sun.awt.CGraphicsEnvironment"/>
    <property name="surefire.real.class.path" value="/Users/jifrozen/project/Dining-together/Backend/member/target/surefire/surefirebooter119944587996707748.jar"/>
    <property name="sun.management.compiler" value="HotSpot 64-Bit Tiered Compilers"/>
    <property name="ftp.nonProxyHosts" value="local|*.local|169.254/16|*.169.254/16"/>
    <property name="java.runtime.version" value="11.0.11+9-LTS-194"/>
    <property name="user.name" value="jifrozen"/>
    <property name="path.separator" value=":"/>
    <property name="os.version" value="10.16"/>
    <property name="java.runtime.name" value="Java(TM) SE Runtime Environment"/>
    <property name="file.encoding" value="UTF-8"/>
    <property name="java.vm.name" value="Java HotSpot(TM) 64-Bit Server VM"/>
    <property name="java.vendor.version" value="18.9"/>
    <property name="localRepository" value="/Users/jifrozen/.m2/repository"/>
    <property name="java.vendor.url.bug" value="https://bugreport.java.com/bugreport/"/>
    <property name="java.io.tmpdir" value="/var/folders/mk/9zckjc3125j46lgw0n0jzlv40000gn/T/"/>
    <property name="java.version" value="11.0.11"/>
    <property name="user.dir" value="/Users/jifrozen/project/Dining-together/Backend/member"/>
    <property name="os.arch" value="x86_64"/>
    <property name="java.vm.specification.name" value="Java Virtual Machine Specification"/>
    <property name="java.awt.printerjob" value="sun.lwawt.macosx.CPrinterJob"/>
    <property name="sun.os.patch.level" value="unknown"/>
    <property name="java.library.path" value="/Users/jifrozen/Library/Java/Extensions:/Library/Java/Extensions:/Network/Library/Java/Extensions:/System/Library/Java/Extensions:/usr/lib/java:."/>
    <property name="java.vendor" value="Oracle Corporation"/>
    <property name="java.vm.info" value="mixed mode"/>
    <property name="java.vm.version" value="11.0.11+9-LTS-194"/>
    <property name="sun.io.unicode.encoding" value="UnicodeBig"/>
    <property name="java.class.version" value="55.0"/>
    <property name="socksNonProxyHosts" value="local|*.local|169.254/16|*.169.254/16"/>
    <property name="maven.test.failure.ignore" value="true"/>
  </properties>
  <testcase name="registerMenu" classname="kr.or.dining_together.member.controller.MenuControllerTest" time="0.169"/>
  <testcase name="menus" classname="kr.or.dining_together.member.controller.MenuControllerTest" time="0.16"/>
  <testcase name="modifyMenu" classname="kr.or.dining_together.member.controller.MenuControllerTest" time="0.156"/>
  <testcase name="deleteMenu" classname="kr.or.dining_together.member.controller.MenuControllerTest" time="0.153"/>
</testsuite>